
*** Running vivado
    with args -log design_1_mulBF16_0_0.vds -m64 -product Vivado -mode batch -messageDb vivado.pb -notrace -source design_1_mulBF16_0_0.tcl


****** Vivado v2020.2 (64-bit)
  **** SW Build 3064766 on Wed Nov 18 09:12:47 MST 2020
  **** IP Build 3064653 on Wed Nov 18 14:17:31 MST 2020
    ** Copyright 1986-2020 Xilinx, Inc. All Rights Reserved.

source design_1_mulBF16_0_0.tcl -notrace
INFO: [IP_Flow 19-234] Refreshing IP repositories
INFO: [IP_Flow 19-1700] Loaded user IP repository '/home/bmelnick3/cs3220/CS3220-Pipeline/Assignment5/MultHLS/solution1/impl/ip'.
INFO: [IP_Flow 19-2313] Loaded Vivado IP repository '/tools/reconfig/xilinx/Vivado/2020.2/data/ip'.
Command: synth_design -top design_1_mulBF16_0_0 -part xc7z020clg400-1 -mode out_of_context
Starting synth_design
Attempting to get a license for feature 'Synthesis' and/or device 'xc7z020'
INFO: [Common 17-349] Got license for feature 'Synthesis' and/or device 'xc7z020'
INFO: [Device 21-403] Loading part xc7z020clg400-1
INFO: [Synth 8-7079] Multithreading enabled for synth_design using a maximum of 4 processes.
INFO: [Synth 8-7078] Launching helper process for spawning children vivado processes
INFO: [Synth 8-7075] Helper process launched with PID 31509
---------------------------------------------------------------------------------
Starting RTL Elaboration : Time (s): cpu = 00:00:07 ; elapsed = 00:00:11 . Memory (MB): peak = 2400.062 ; gain = 0.000 ; free physical = 420 ; free virtual = 4854
---------------------------------------------------------------------------------
INFO: [Synth 8-6157] synthesizing module 'design_1_mulBF16_0_0' [/home/bmelnick3/cs3220/CS3220-Pipeline/Assignment5/MultVivado/MultVivado.gen/sources_1/bd/design_1/ip/design_1_mulBF16_0_0/synth/design_1_mulBF16_0_0.v:58]
INFO: [Synth 8-6157] synthesizing module 'mulBF16' [/home/bmelnick3/cs3220/CS3220-Pipeline/Assignment5/MultVivado/MultVivado.gen/sources_1/bd/design_1/ipshared/b0d1/hdl/verilog/mulBF16.v:12]
	Parameter ap_ST_fsm_state1 bound to: 2'b01 
	Parameter ap_ST_fsm_state2 bound to: 2'b10 
	Parameter C_S_AXI_CONTROL_DATA_WIDTH bound to: 32 - type: integer 
	Parameter C_S_AXI_CONTROL_ADDR_WIDTH bound to: 6 - type: integer 
	Parameter C_S_AXI_DATA_WIDTH bound to: 32 - type: integer 
	Parameter C_S_AXI_CONTROL_WSTRB_WIDTH bound to: 4 - type: integer 
	Parameter C_S_AXI_WSTRB_WIDTH bound to: 4 - type: integer 
INFO: [Synth 8-6157] synthesizing module 'mulBF16_control_s_axi' [/home/bmelnick3/cs3220/CS3220-Pipeline/Assignment5/MultVivado/MultVivado.gen/sources_1/bd/design_1/ipshared/b0d1/hdl/verilog/mulBF16_control_s_axi.v:6]
	Parameter C_S_AXI_ADDR_WIDTH bound to: 6 - type: integer 
	Parameter C_S_AXI_DATA_WIDTH bound to: 32 - type: integer 
	Parameter ADDR_A_DATA_0 bound to: 6'b010000 
	Parameter ADDR_A_CTRL bound to: 6'b010100 
	Parameter ADDR_B_DATA_0 bound to: 6'b011000 
	Parameter ADDR_B_CTRL bound to: 6'b011100 
	Parameter ADDR_C_DATA_0 bound to: 6'b100000 
	Parameter ADDR_C_CTRL bound to: 6'b100100 
	Parameter WRIDLE bound to: 2'b00 
	Parameter WRDATA bound to: 2'b01 
	Parameter WRRESP bound to: 2'b10 
	Parameter WRRESET bound to: 2'b11 
	Parameter RDIDLE bound to: 2'b00 
	Parameter RDDATA bound to: 2'b01 
	Parameter RDRESET bound to: 2'b10 
	Parameter ADDR_BITS bound to: 6 - type: integer 
INFO: [Synth 8-155] case statement is not full and has no default [/home/bmelnick3/cs3220/CS3220-Pipeline/Assignment5/MultVivado/MultVivado.gen/sources_1/bd/design_1/ipshared/b0d1/hdl/verilog/mulBF16_control_s_axi.v:179]
INFO: [Synth 8-6155] done synthesizing module 'mulBF16_control_s_axi' (1#1) [/home/bmelnick3/cs3220/CS3220-Pipeline/Assignment5/MultVivado/MultVivado.gen/sources_1/bd/design_1/ipshared/b0d1/hdl/verilog/mulBF16_control_s_axi.v:6]
INFO: [Synth 8-6157] synthesizing module 'mulBF16_mul_8ns_8ns_16_1_1' [/home/bmelnick3/cs3220/CS3220-Pipeline/Assignment5/MultVivado/MultVivado.gen/sources_1/bd/design_1/ipshared/b0d1/hdl/verilog/mulBF16_mul_8ns_8ns_16_1_1.v:16]
	Parameter ID bound to: 1 - type: integer 
	Parameter NUM_STAGE bound to: 1 - type: integer 
	Parameter din0_WIDTH bound to: 8 - type: integer 
	Parameter din1_WIDTH bound to: 8 - type: integer 
	Parameter dout_WIDTH bound to: 16 - type: integer 
INFO: [Synth 8-6157] synthesizing module 'mulBF16_mul_8ns_8ns_16_1_1_Multiplier_0' [/home/bmelnick3/cs3220/CS3220-Pipeline/Assignment5/MultVivado/MultVivado.gen/sources_1/bd/design_1/ipshared/b0d1/hdl/verilog/mulBF16_mul_8ns_8ns_16_1_1.v:8]
INFO: [Synth 8-6155] done synthesizing module 'mulBF16_mul_8ns_8ns_16_1_1_Multiplier_0' (2#1) [/home/bmelnick3/cs3220/CS3220-Pipeline/Assignment5/MultVivado/MultVivado.gen/sources_1/bd/design_1/ipshared/b0d1/hdl/verilog/mulBF16_mul_8ns_8ns_16_1_1.v:8]
INFO: [Synth 8-6155] done synthesizing module 'mulBF16_mul_8ns_8ns_16_1_1' (3#1) [/home/bmelnick3/cs3220/CS3220-Pipeline/Assignment5/MultVivado/MultVivado.gen/sources_1/bd/design_1/ipshared/b0d1/hdl/verilog/mulBF16_mul_8ns_8ns_16_1_1.v:16]
INFO: [Synth 8-6155] done synthesizing module 'mulBF16' (4#1) [/home/bmelnick3/cs3220/CS3220-Pipeline/Assignment5/MultVivado/MultVivado.gen/sources_1/bd/design_1/ipshared/b0d1/hdl/verilog/mulBF16.v:12]
INFO: [Synth 8-6155] done synthesizing module 'design_1_mulBF16_0_0' (5#1) [/home/bmelnick3/cs3220/CS3220-Pipeline/Assignment5/MultVivado/MultVivado.gen/sources_1/bd/design_1/ip/design_1_mulBF16_0_0/synth/design_1_mulBF16_0_0.v:58]
---------------------------------------------------------------------------------
Finished RTL Elaboration : Time (s): cpu = 00:00:09 ; elapsed = 00:00:14 . Memory (MB): peak = 2400.062 ; gain = 0.000 ; free physical = 1952 ; free virtual = 6386
---------------------------------------------------------------------------------
---------------------------------------------------------------------------------
Start Handling Custom Attributes
---------------------------------------------------------------------------------
---------------------------------------------------------------------------------
Finished Handling Custom Attributes : Time (s): cpu = 00:00:10 ; elapsed = 00:00:15 . Memory (MB): peak = 2400.062 ; gain = 0.000 ; free physical = 1944 ; free virtual = 6378
---------------------------------------------------------------------------------
---------------------------------------------------------------------------------
Finished RTL Optimization Phase 1 : Time (s): cpu = 00:00:10 ; elapsed = 00:00:15 . Memory (MB): peak = 2400.062 ; gain = 0.000 ; free physical = 1944 ; free virtual = 6378
---------------------------------------------------------------------------------
Netlist sorting complete. Time (s): cpu = 00:00:00.01 ; elapsed = 00:00:00.01 . Memory (MB): peak = 2400.062 ; gain = 0.000 ; free physical = 1936 ; free virtual = 6371
INFO: [Project 1-570] Preparing netlist for logic optimization

Processing XDC Constraints
Initializing timing engine
Parsing XDC File [/home/bmelnick3/cs3220/CS3220-Pipeline/Assignment5/MultVivado/MultVivado.gen/sources_1/bd/design_1/ip/design_1_mulBF16_0_0/constraints/mulBF16_ooc.xdc] for cell 'inst'
Finished Parsing XDC File [/home/bmelnick3/cs3220/CS3220-Pipeline/Assignment5/MultVivado/MultVivado.gen/sources_1/bd/design_1/ip/design_1_mulBF16_0_0/constraints/mulBF16_ooc.xdc] for cell 'inst'
Parsing XDC File [/home/bmelnick3/cs3220/CS3220-Pipeline/Assignment5/MultVivado/MultVivado.runs/design_1_mulBF16_0_0_synth_1/dont_touch.xdc]
Finished Parsing XDC File [/home/bmelnick3/cs3220/CS3220-Pipeline/Assignment5/MultVivado/MultVivado.runs/design_1_mulBF16_0_0_synth_1/dont_touch.xdc]
Completed Processing XDC Constraints

Netlist sorting complete. Time (s): cpu = 00:00:00 ; elapsed = 00:00:00 . Memory (MB): peak = 2516.859 ; gain = 0.000 ; free physical = 1860 ; free virtual = 6294
INFO: [Project 1-111] Unisim Transformation Summary:
No Unisim elements were transformed.

Constraint Validation Runtime : Time (s): cpu = 00:00:00.04 ; elapsed = 00:00:00.07 . Memory (MB): peak = 2519.828 ; gain = 2.969 ; free physical = 1860 ; free virtual = 6294
---------------------------------------------------------------------------------
Finished Constraint Validation : Time (s): cpu = 00:00:20 ; elapsed = 00:00:28 . Memory (MB): peak = 2519.828 ; gain = 119.766 ; free physical = 1929 ; free virtual = 6364
---------------------------------------------------------------------------------
---------------------------------------------------------------------------------
Start Loading Part and Timing Information
---------------------------------------------------------------------------------
Loading part: xc7z020clg400-1
---------------------------------------------------------------------------------
Finished Loading Part and Timing Information : Time (s): cpu = 00:00:20 ; elapsed = 00:00:28 . Memory (MB): peak = 2519.828 ; gain = 119.766 ; free physical = 1929 ; free virtual = 6364
---------------------------------------------------------------------------------
---------------------------------------------------------------------------------
Start Applying 'set_property' XDC Constraints
---------------------------------------------------------------------------------
Applied set_property KEEP_HIERARCHY = SOFT for inst. (constraint file  /home/bmelnick3/cs3220/CS3220-Pipeline/Assignment5/MultVivado/MultVivado.runs/design_1_mulBF16_0_0_synth_1/dont_touch.xdc, line 9).
---------------------------------------------------------------------------------
Finished applying 'set_property' XDC Constraints : Time (s): cpu = 00:00:20 ; elapsed = 00:00:28 . Memory (MB): peak = 2519.828 ; gain = 119.766 ; free physical = 1929 ; free virtual = 6363
---------------------------------------------------------------------------------
INFO: [Synth 8-802] inferred FSM for state register 'wstate_reg' in module 'mulBF16_control_s_axi'
INFO: [Synth 8-802] inferred FSM for state register 'rstate_reg' in module 'mulBF16_control_s_axi'
INFO: [Synth 8-4490] FSM extraction disabled for register 'ap_CS_fsm_reg' through user attribute
---------------------------------------------------------------------------------------------------
                   State |                     New Encoding |                Previous Encoding 
---------------------------------------------------------------------------------------------------
                  iSTATE |                             0001 |                               11
*
                  WRIDLE |                             0010 |                               00
                  WRDATA |                             0100 |                               01
                  WRRESP |                             1000 |                               10
---------------------------------------------------------------------------------------------------
INFO: [Synth 8-3354] encoded FSM with state register 'wstate_reg' using encoding 'one-hot' in module 'mulBF16_control_s_axi'
---------------------------------------------------------------------------------------------------
                   State |                     New Encoding |                Previous Encoding 
---------------------------------------------------------------------------------------------------
                  iSTATE |                              001 |                               10
*
                  RDIDLE |                              010 |                               00
                  RDDATA |                              100 |                               01
---------------------------------------------------------------------------------------------------
INFO: [Synth 8-3354] encoded FSM with state register 'rstate_reg' using encoding 'one-hot' in module 'mulBF16_control_s_axi'
---------------------------------------------------------------------------------
Finished RTL Optimization Phase 2 : Time (s): cpu = 00:00:21 ; elapsed = 00:00:29 . Memory (MB): peak = 2519.828 ; gain = 119.766 ; free physical = 1920 ; free virtual = 6355
---------------------------------------------------------------------------------
---------------------------------------------------------------------------------
Start RTL Component Statistics 
---------------------------------------------------------------------------------
Detailed RTL Component Info : 
+---Adders : 
	   2 Input   10 Bit       Adders := 1     
	   2 Input    9 Bit       Adders := 1     
+---XORs : 
	   2 Input     32 Bit         XORs := 1     
+---Registers : 
	               32 Bit    Registers := 6     
	                9 Bit    Registers := 2     
	                8 Bit    Registers := 2     
	                6 Bit    Registers := 1     
	                2 Bit    Registers := 1     
	                1 Bit    Registers := 4     
+---Muxes : 
	   5 Input   32 Bit        Muxes := 1     
	   2 Input    9 Bit        Muxes := 2     
	   4 Input    4 Bit        Muxes := 1     
	   2 Input    4 Bit        Muxes := 3     
	   3 Input    3 Bit        Muxes := 1     
	   2 Input    3 Bit        Muxes := 2     
	   5 Input    3 Bit        Muxes := 1     
	   3 Input    2 Bit        Muxes := 1     
	   2 Input    1 Bit        Muxes := 5     
---------------------------------------------------------------------------------
Finished RTL Component Statistics 
---------------------------------------------------------------------------------
---------------------------------------------------------------------------------
Start Part Resource Summary
---------------------------------------------------------------------------------
Part Resources:
DSPs: 220 (col length:60)
BRAMs: 280 (col length: RAMB18 60 RAMB36 30)
---------------------------------------------------------------------------------
Finished Part Resource Summary
---------------------------------------------------------------------------------
---------------------------------------------------------------------------------
Start Cross Boundary and Area Optimization
---------------------------------------------------------------------------------
DSP Report: Generating DSP mul_8ns_8ns_16_1_1_U1/mulBF16_mul_8ns_8ns_16_1_1_Multiplier_0_U/p, operation Mode is: A*B.
DSP Report: operator mul_8ns_8ns_16_1_1_U1/mulBF16_mul_8ns_8ns_16_1_1_Multiplier_0_U/p is absorbed into DSP mul_8ns_8ns_16_1_1_U1/mulBF16_mul_8ns_8ns_16_1_1_Multiplier_0_U/p.
---------------------------------------------------------------------------------
Finished Cross Boundary and Area Optimization : Time (s): cpu = 00:00:23 ; elapsed = 00:00:32 . Memory (MB): peak = 2519.828 ; gain = 119.766 ; free physical = 1902 ; free virtual = 6340
---------------------------------------------------------------------------------
---------------------------------------------------------------------------------
Start ROM, RAM, DSP, Shift Register and Retiming Reporting
---------------------------------------------------------------------------------

DSP: Preliminary Mapping	Report (see note below)
+----------------------------------------+-------------+--------+--------+--------+--------+--------+------+------+------+------+-------+------+------+
|Module Name                             | DSP Mapping | A Size | B Size | C Size | D Size | P Size | AREG | BREG | CREG | DREG | ADREG | MREG | PREG | 
+----------------------------------------+-------------+--------+--------+--------+--------+--------+------+------+------+------+-------+------+------+
|mulBF16_mul_8ns_8ns_16_1_1_Multiplier_0 | A*B         | 9      | 9      | -      | -      | 18     | 0    | 0    | -    | -    | -     | 0    | 0    | 
+----------------------------------------+-------------+--------+--------+--------+--------+--------+------+------+------+------+-------+------+------+

Note: The table above is a preliminary report that shows the DSPs inferred at the current stage of the synthesis flow. Some DSP may be reimplemented as non DSP primitives later in the synthesis flow. Multiple instantiated DSPs are reported only once.
---------------------------------------------------------------------------------
Finished ROM, RAM, DSP, Shift Register and Retiming Reporting
---------------------------------------------------------------------------------
---------------------------------------------------------------------------------
Start Applying XDC Timing Constraints
---------------------------------------------------------------------------------
---------------------------------------------------------------------------------
Finished Applying XDC Timing Constraints : Time (s): cpu = 00:00:36 ; elapsed = 00:00:46 . Memory (MB): peak = 2519.828 ; gain = 119.766 ; free physical = 1747 ; free virtual = 6185
---------------------------------------------------------------------------------
---------------------------------------------------------------------------------
Start Timing Optimization
---------------------------------------------------------------------------------
---------------------------------------------------------------------------------
Finished Timing Optimization : Time (s): cpu = 00:00:37 ; elapsed = 00:00:47 . Memory (MB): peak = 2536.844 ; gain = 136.781 ; free physical = 1706 ; free virtual = 6145
---------------------------------------------------------------------------------
---------------------------------------------------------------------------------
Start Technology Mapping
---------------------------------------------------------------------------------
---------------------------------------------------------------------------------
Finished Technology Mapping : Time (s): cpu = 00:00:38 ; elapsed = 00:00:48 . Memory (MB): peak = 2552.859 ; gain = 152.797 ; free physical = 1690 ; free virtual = 6128
---------------------------------------------------------------------------------
---------------------------------------------------------------------------------
Start IO Insertion
---------------------------------------------------------------------------------
---------------------------------------------------------------------------------
Start Flattening Before IO Insertion
---------------------------------------------------------------------------------
---------------------------------------------------------------------------------
Finished Flattening Before IO Insertion
---------------------------------------------------------------------------------
---------------------------------------------------------------------------------
Start Final Netlist Cleanup
---------------------------------------------------------------------------------
---------------------------------------------------------------------------------
Finished Final Netlist Cleanup
---------------------------------------------------------------------------------
---------------------------------------------------------------------------------
Finished IO Insertion : Time (s): cpu = 00:00:42 ; elapsed = 00:00:52 . Memory (MB): peak = 2552.859 ; gain = 152.797 ; free physical = 1674 ; free virtual = 6112
---------------------------------------------------------------------------------
---------------------------------------------------------------------------------
Start Renaming Generated Instances
---------------------------------------------------------------------------------
---------------------------------------------------------------------------------
Finished Renaming Generated Instances : Time (s): cpu = 00:00:42 ; elapsed = 00:00:52 . Memory (MB): peak = 2552.859 ; gain = 152.797 ; free physical = 1674 ; free virtual = 6112
---------------------------------------------------------------------------------
---------------------------------------------------------------------------------
Start Rebuilding User Hierarchy
---------------------------------------------------------------------------------
---------------------------------------------------------------------------------
Finished Rebuilding User Hierarchy : Time (s): cpu = 00:00:42 ; elapsed = 00:00:52 . Memory (MB): peak = 2552.859 ; gain = 152.797 ; free physical = 1674 ; free virtual = 6112
---------------------------------------------------------------------------------
---------------------------------------------------------------------------------
Start Renaming Generated Ports
---------------------------------------------------------------------------------
---------------------------------------------------------------------------------
Finished Renaming Generated Ports : Time (s): cpu = 00:00:42 ; elapsed = 00:00:52 . Memory (MB): peak = 2552.859 ; gain = 152.797 ; free physical = 1674 ; free virtual = 6112
---------------------------------------------------------------------------------
---------------------------------------------------------------------------------
Start Handling Custom Attributes
---------------------------------------------------------------------------------
---------------------------------------------------------------------------------
Finished Handling Custom Attributes : Time (s): cpu = 00:00:42 ; elapsed = 00:00:52 . Memory (MB): peak = 2552.859 ; gain = 152.797 ; free physical = 1674 ; free virtual = 6112
---------------------------------------------------------------------------------
---------------------------------------------------------------------------------
Start Renaming Generated Nets
---------------------------------------------------------------------------------
---------------------------------------------------------------------------------
Finished Renaming Generated Nets : Time (s): cpu = 00:00:42 ; elapsed = 00:00:52 . Memory (MB): peak = 2552.859 ; gain = 152.797 ; free physical = 1674 ; free virtual = 6112
---------------------------------------------------------------------------------
---------------------------------------------------------------------------------
Start Writing Synthesis Report
---------------------------------------------------------------------------------

Report BlackBoxes: 
+-+--------------+----------+
| |BlackBox name |Instances |
+-+--------------+----------+
+-+--------------+----------+

Report Cell Usage: 
+------+--------+------+
|      |Cell    |Count |
+------+--------+------+
|1     |CARRY4  |     3|
|2     |DSP48E1 |     1|
|3     |LUT1    |     2|
|4     |LUT2    |    13|
|5     |LUT3    |    94|
|6     |LUT4    |    12|
|7     |LUT5    |    37|
|8     |LUT6    |     9|
|9     |FDRE    |   203|
|10    |FDSE    |     1|
+------+--------+------+
---------------------------------------------------------------------------------
Finished Writing Synthesis Report : Time (s): cpu = 00:00:42 ; elapsed = 00:00:52 . Memory (MB): peak = 2552.859 ; gain = 152.797 ; free physical = 1674 ; free virtual = 6112
---------------------------------------------------------------------------------
Synthesis finished with 0 errors, 0 critical warnings and 0 warnings.
Synthesis Optimization Runtime : Time (s): cpu = 00:00:39 ; elapsed = 00:00:48 . Memory (MB): peak = 2552.859 ; gain = 33.031 ; free physical = 1751 ; free virtual = 6189
Synthesis Optimization Complete : Time (s): cpu = 00:00:43 ; elapsed = 00:00:53 . Memory (MB): peak = 2552.867 ; gain = 152.797 ; free physical = 1751 ; free virtual = 6189
INFO: [Project 1-571] Translating synthesized netlist
Netlist sorting complete. Time (s): cpu = 00:00:00 ; elapsed = 00:00:00.01 . Memory (MB): peak = 2552.867 ; gain = 0.000 ; free physical = 1835 ; free virtual = 6273
INFO: [Netlist 29-17] Analyzing 4 Unisim elements for replacement
INFO: [Netlist 29-28] Unisim Transformation completed in 0 CPU seconds
INFO: [Project 1-570] Preparing netlist for logic optimization
INFO: [Opt 31-138] Pushed 0 inverter(s) to 0 load pin(s).
Netlist sorting complete. Time (s): cpu = 00:00:00 ; elapsed = 00:00:00 . Memory (MB): peak = 2552.867 ; gain = 0.000 ; free physical = 1775 ; free virtual = 6214
INFO: [Project 1-111] Unisim Transformation Summary:
No Unisim elements were transformed.

INFO: [Common 17-83] Releasing license: Synthesis
33 Infos, 0 Warnings, 0 Critical Warnings and 0 Errors encountered.
synth_design completed successfully
synth_design: Time (s): cpu = 00:00:59 ; elapsed = 00:01:46 . Memory (MB): peak = 2552.867 ; gain = 153.012 ; free physical = 1924 ; free virtual = 6362
INFO: [Common 17-1381] The checkpoint '/home/bmelnick3/cs3220/CS3220-Pipeline/Assignment5/MultVivado/MultVivado.runs/design_1_mulBF16_0_0_synth_1/design_1_mulBF16_0_0.dcp' has been generated.
WARNING: [Common 17-576] 'use_project_ipc' is deprecated. This option is deprecated and no longer used.
INFO: [Coretcl 2-1648] Added synthesis output to IP cache for IP design_1_mulBF16_0_0, cache-ID = 399978013a1e5656
INFO: [Coretcl 2-1174] Renamed 4 cell refs.
INFO: [Common 17-1381] The checkpoint '/home/bmelnick3/cs3220/CS3220-Pipeline/Assignment5/MultVivado/MultVivado.runs/design_1_mulBF16_0_0_synth_1/design_1_mulBF16_0_0.dcp' has been generated.
INFO: [runtcl-4] Executing : report_utilization -file design_1_mulBF16_0_0_utilization_synth.rpt -pb design_1_mulBF16_0_0_utilization_synth.pb
INFO: [Common 17-206] Exiting Vivado at Sun Apr 25 11:52:59 2021...
