INFO: [SIM 2] *************** CSIM start ***************
INFO: [SIM 4] CSIM will launch GCC as the compiler.
   Compiling ../../../../mul_test.cpp in debug mode
   Compiling ../../../../mulBF16.cpp in debug mode
   Generating csim.exe
a:0 b:16867 hw:0 sw:0
a:16256 b:16667 hw:16667 sw:16667
a:16460 b:16892 hw:17096 sw:17096
a:16432 b:16683 hw:16875 sw:16875
a:16588 b:16907 hw:17245 sw:17245
a:16448 b:16699 hw:16908 sw:16908
a:16665 b:16920 hw:17333 sw:17333
a:16512 b:16715 hw:16971 sw:16971
a:16716 b:16932 hw:17410 sw:17410
a:16544 b:16731 hw:17032 sw:17032
a:16768 b:16945 hw:17457 sw:17457
a:16576 b:16747 hw:17072 sw:17072
a:16793 b:16958 hw:17507 sw:17507
a:16608 b:16763 hw:17115 sw:17115
a:16819 b:16971 hw:17549 sw:17549
a:16640 b:16773 hw:17157 sw:17157
a:16844 b:16984 hw:17580 sw:17580
a:16656 b:16781 hw:17182 sw:17182
a:16870 b:16996 hw:17612 sw:17612
a:16921 b:16697 hw:17373 sw:17373
a:16947 b:0 hw:0 sw:0
a:16332 b:16256 hw:16332 sw:16332
a:16537 b:16288 hw:16575 sw:16575
a:17024 b:16328 hw:17096 sw:17096
a:16537 b:17090 hw:17383 sw:17383
a:17026 b:17081 hw:17851 sw:17851
a:16640 b:16771 hw:17155 sw:17155
a:17028 b:16710 hw:17484 sw:17484
a:16691 b:16812 hw:17264 sw:17265
a:17030 b:16537 hw:17312 sw:17312
a:16742 b:16729 hw:17218 sw:17218
a:17032 b:17094 hw:17874 sw:17874
a:16780 b:16774 hw:17298 sw:17298
a:17034 b:16179 hw:16960 sw:16960
a:16806 b:16435 hw:17000 sw:17000
a:17036 b:16344 hw:17132 sw:17133
a:16832 b:16576 hw:17168 sw:17168
a:17038 b:16428 hw:17214 sw:17214
a:16857 b:16659 hw:17273 sw:17273
a:17040 b:16492 hw:17284 sw:17284
a:16883 b:16710 hw:17339 sw:17339
a:16512 b:16534 hw:16790 sw:16790
a:16204 b:16761 hw:16710 sw:16710
a:17086 b:16566 hw:17415 sw:17415
a:16512 b:16790 hw:17046 sw:17046
a:17088 b:16598 hw:17440 sw:17440
a:16614 b:16816 hw:17182 sw:17182
a:17090 b:16630 hw:17466 sw:17466
a:16678 b:16841 hw:17282 sw:17282
a:17092 b:16651 hw:17492 sw:17492
=============SUCCESS=============
INFO: [SIM 1] CSim done with 0 errors.
INFO: [SIM 3] *************** CSIM finish ***************
