
*** Running vivado
    with args -log project3_frame.vds -m64 -product Vivado -mode batch -messageDb vivado.pb -notrace -source project3_frame.tcl



****** Vivado v2020.2 (64-bit)
  **** SW Build 3064766 on Wed Nov 18 09:12:45 MST 2020
  **** IP Build 3064653 on Wed Nov 18 14:17:31 MST 2020
    ** Copyright 1986-2020 Xilinx, Inc. All Rights Reserved.

source project3_frame.tcl -notrace
Command: synth_design -top project3_frame -part xc7z020clg400-1
Starting synth_design
Attempting to get a license for feature 'Synthesis' and/or device 'xc7z020'
INFO: [Common 17-349] Got license for feature 'Synthesis' and/or device 'xc7z020'
INFO: [Device 21-403] Loading part xc7z020clg400-1
INFO: [Synth 8-7079] Multithreading enabled for synth_design using a maximum of 2 processes.
INFO: [Synth 8-7078] Launching helper process for spawning children vivado processes
INFO: [Synth 8-7075] Helper process launched with PID 5728
WARNING: [Synth 8-2611] redeclaration of ansi port from_WB_to_DE is not allowed [Z:/Documents/Spring2021/CS3220/CS3220-Pipeline/Assignment3/Assignment3.srcs/sources_1/imports/assignment3_frame/wb_stage.v:17]
---------------------------------------------------------------------------------
Starting RTL Elaboration : Time (s): cpu = 00:00:08 ; elapsed = 00:00:14 . Memory (MB): peak = 1014.805 ; gain = 0.000
---------------------------------------------------------------------------------
INFO: [Synth 8-6157] synthesizing module 'project3_frame' [Z:/Documents/Spring2021/CS3220/CS3220-Pipeline/Assignment3/Assignment3.srcs/sources_1/imports/assignment3_frame/project3_frame.v:3]
INFO: [Synth 8-6157] synthesizing module 'clk_wiz_0' [Z:/Documents/Spring2021/CS3220/CS3220-Pipeline/Assignment3/Assignment3.runs/synth_1/.Xil/Vivado-2924-BENMELNICKBB53/realtime/clk_wiz_0_stub.v:5]
INFO: [Synth 8-6155] done synthesizing module 'clk_wiz_0' (1#1) [Z:/Documents/Spring2021/CS3220/CS3220-Pipeline/Assignment3/Assignment3.runs/synth_1/.Xil/Vivado-2924-BENMELNICKBB53/realtime/clk_wiz_0_stub.v:5]
INFO: [Synth 8-6157] synthesizing module 'STALL_UNIT' [Z:/Documents/Spring2021/CS3220/CS3220-Pipeline/Assignment3/Assignment3.srcs/sources_1/imports/assignment3_frame/stall_unit.v:5]
INFO: [Synth 8-6155] done synthesizing module 'STALL_UNIT' (2#1) [Z:/Documents/Spring2021/CS3220/CS3220-Pipeline/Assignment3/Assignment3.srcs/sources_1/imports/assignment3_frame/stall_unit.v:5]
INFO: [Synth 8-6157] synthesizing module 'FE_STAGE' [Z:/Documents/Spring2021/CS3220/CS3220-Pipeline/Assignment3/Assignment3.srcs/sources_1/imports/assignment3_frame/fe_stage.v:4]
INFO: [Synth 8-3876] $readmem data file 'test3.mem' is read successfully [Z:/Documents/Spring2021/CS3220/CS3220-Pipeline/Assignment3/Assignment3.srcs/sources_1/imports/assignment3_frame/fe_stage.v:23]
INFO: [Synth 8-6155] done synthesizing module 'FE_STAGE' (3#1) [Z:/Documents/Spring2021/CS3220/CS3220-Pipeline/Assignment3/Assignment3.srcs/sources_1/imports/assignment3_frame/fe_stage.v:4]
INFO: [Synth 8-6157] synthesizing module 'DE_STAGE' [Z:/Documents/Spring2021/CS3220/CS3220-Pipeline/Assignment3/Assignment3.srcs/sources_1/imports/assignment3_frame/de_stage.v:4]
INFO: [Synth 8-6157] synthesizing module 'SXT' [Z:/Documents/Spring2021/CS3220/CS3220-Pipeline/Assignment3/Assignment3.srcs/sources_1/imports/assignment3_frame/de_stage.v:167]
	Parameter IBITS bound to: 16 - type: integer 
	Parameter OBITS bound to: 32 - type: integer 
INFO: [Synth 8-6155] done synthesizing module 'SXT' (4#1) [Z:/Documents/Spring2021/CS3220/CS3220-Pipeline/Assignment3/Assignment3.srcs/sources_1/imports/assignment3_frame/de_stage.v:167]
INFO: [Synth 8-6155] done synthesizing module 'DE_STAGE' (5#1) [Z:/Documents/Spring2021/CS3220/CS3220-Pipeline/Assignment3/Assignment3.srcs/sources_1/imports/assignment3_frame/de_stage.v:4]
INFO: [Synth 8-6157] synthesizing module 'AGEX_STAGE' [Z:/Documents/Spring2021/CS3220/CS3220-Pipeline/Assignment3/Assignment3.srcs/sources_1/imports/assignment3_frame/agex_stage.v:4]
WARNING: [Synth 8-567] referenced signal 'pcplus_AGEX' should be on the sensitivity list [Z:/Documents/Spring2021/CS3220/CS3220-Pipeline/Assignment3/Assignment3.srcs/sources_1/imports/assignment3_frame/agex_stage.v:61]
INFO: [Synth 8-6155] done synthesizing module 'AGEX_STAGE' (6#1) [Z:/Documents/Spring2021/CS3220/CS3220-Pipeline/Assignment3/Assignment3.srcs/sources_1/imports/assignment3_frame/agex_stage.v:4]
INFO: [Synth 8-6157] synthesizing module 'MEM_STAGE' [Z:/Documents/Spring2021/CS3220/CS3220-Pipeline/Assignment3/Assignment3.srcs/sources_1/imports/assignment3_frame/mem_stage.v:3]
INFO: [Synth 8-3876] $readmem data file 'test3.mem' is read successfully [Z:/Documents/Spring2021/CS3220/CS3220-Pipeline/Assignment3/Assignment3.srcs/sources_1/imports/assignment3_frame/mem_stage.v:21]
INFO: [Synth 8-6155] done synthesizing module 'MEM_STAGE' (7#1) [Z:/Documents/Spring2021/CS3220/CS3220-Pipeline/Assignment3/Assignment3.srcs/sources_1/imports/assignment3_frame/mem_stage.v:3]
INFO: [Synth 8-6157] synthesizing module 'WB_STAGE' [Z:/Documents/Spring2021/CS3220/CS3220-Pipeline/Assignment3/Assignment3.srcs/sources_1/imports/assignment3_frame/wb_stage.v:4]
INFO: [Synth 8-6155] done synthesizing module 'WB_STAGE' (8#1) [Z:/Documents/Spring2021/CS3220/CS3220-Pipeline/Assignment3/Assignment3.srcs/sources_1/imports/assignment3_frame/wb_stage.v:4]
INFO: [Synth 8-6155] done synthesizing module 'project3_frame' (9#1) [Z:/Documents/Spring2021/CS3220/CS3220-Pipeline/Assignment3/Assignment3.srcs/sources_1/imports/assignment3_frame/project3_frame.v:3]
---------------------------------------------------------------------------------
Finished RTL Elaboration : Time (s): cpu = 00:00:10 ; elapsed = 00:00:18 . Memory (MB): peak = 1014.805 ; gain = 0.000
---------------------------------------------------------------------------------
---------------------------------------------------------------------------------
Start Handling Custom Attributes
---------------------------------------------------------------------------------
---------------------------------------------------------------------------------
Finished Handling Custom Attributes : Time (s): cpu = 00:00:11 ; elapsed = 00:00:21 . Memory (MB): peak = 1014.805 ; gain = 0.000
---------------------------------------------------------------------------------
---------------------------------------------------------------------------------
Finished RTL Optimization Phase 1 : Time (s): cpu = 00:00:11 ; elapsed = 00:00:21 . Memory (MB): peak = 1014.805 ; gain = 0.000
---------------------------------------------------------------------------------
Netlist sorting complete. Time (s): cpu = 00:00:00 ; elapsed = 00:00:00.115 . Memory (MB): peak = 1014.805 ; gain = 0.000
INFO: [Project 1-570] Preparing netlist for logic optimization

Processing XDC Constraints
Initializing timing engine
Parsing XDC File [z:/Documents/Spring2021/CS3220/CS3220-Pipeline/Assignment3/Assignment3.gen/sources_1/ip/clk_wiz_0/clk_wiz_0/clk_wiz_0_in_context.xdc] for cell 'my_clock'
Finished Parsing XDC File [z:/Documents/Spring2021/CS3220/CS3220-Pipeline/Assignment3/Assignment3.gen/sources_1/ip/clk_wiz_0/clk_wiz_0/clk_wiz_0_in_context.xdc] for cell 'my_clock'
Parsing XDC File [Z:/Documents/Spring2021/CS3220/CS3220-Pipeline/Assignment3/Assignment3.srcs/constrs_1/imports/assignment3_frame/time.xdc]
Finished Parsing XDC File [Z:/Documents/Spring2021/CS3220/CS3220-Pipeline/Assignment3/Assignment3.srcs/constrs_1/imports/assignment3_frame/time.xdc]
INFO: [Project 1-236] Implementation specific constraints were found while reading constraint file [Z:/Documents/Spring2021/CS3220/CS3220-Pipeline/Assignment3/Assignment3.srcs/constrs_1/imports/assignment3_frame/time.xdc]. These constraints will be ignored for synthesis but will be used in implementation. Impacted constraints are listed in the file [.Xil/project3_frame_propImpl.xdc].
Resolution: To avoid this warning, move constraints listed in [.Xil/project3_frame_propImpl.xdc] to another XDC file and exclude this new file from synthesis with the used_in_synthesis property (File Properties dialog in GUI) and re-run elaboration/synthesis.
Completed Processing XDC Constraints

Netlist sorting complete. Time (s): cpu = 00:00:00 ; elapsed = 00:00:00.001 . Memory (MB): peak = 1116.965 ; gain = 0.000
INFO: [Project 1-111] Unisim Transformation Summary:
No Unisim elements were transformed.

Constraint Validation Runtime : Time (s): cpu = 00:00:00 ; elapsed = 00:00:00.056 . Memory (MB): peak = 1116.965 ; gain = 0.000
---------------------------------------------------------------------------------
Finished Constraint Validation : Time (s): cpu = 00:00:24 ; elapsed = 00:01:23 . Memory (MB): peak = 1116.965 ; gain = 102.160
---------------------------------------------------------------------------------
---------------------------------------------------------------------------------
Start Loading Part and Timing Information
---------------------------------------------------------------------------------
Loading part: xc7z020clg400-1
---------------------------------------------------------------------------------
Finished Loading Part and Timing Information : Time (s): cpu = 00:00:24 ; elapsed = 00:01:23 . Memory (MB): peak = 1116.965 ; gain = 102.160
---------------------------------------------------------------------------------
---------------------------------------------------------------------------------
Start Applying 'set_property' XDC Constraints
---------------------------------------------------------------------------------
Applied set_property IO_BUFFER_TYPE = NONE for CLOCK_50. (constraint file  z:/Documents/Spring2021/CS3220/CS3220-Pipeline/Assignment3/Assignment3.gen/sources_1/ip/clk_wiz_0/clk_wiz_0/clk_wiz_0_in_context.xdc, line 3).
Applied set_property CLOCK_BUFFER_TYPE = NONE for CLOCK_50. (constraint file  z:/Documents/Spring2021/CS3220/CS3220-Pipeline/Assignment3/Assignment3.gen/sources_1/ip/clk_wiz_0/clk_wiz_0/clk_wiz_0_in_context.xdc, line 4).
Applied set_property KEEP_HIERARCHY = SOFT for my_clock. (constraint file  auto generated constraint).
---------------------------------------------------------------------------------
Finished applying 'set_property' XDC Constraints : Time (s): cpu = 00:00:24 ; elapsed = 00:01:23 . Memory (MB): peak = 1116.965 ; gain = 102.160
---------------------------------------------------------------------------------
---------------------------------------------------------------------------------
Finished RTL Optimization Phase 2 : Time (s): cpu = 00:00:25 ; elapsed = 00:01:26 . Memory (MB): peak = 1116.965 ; gain = 102.160
---------------------------------------------------------------------------------
---------------------------------------------------------------------------------
Start RTL Component Statistics 
---------------------------------------------------------------------------------
Detailed RTL Component Info : 
+---Adders : 
	   2 Input   32 Bit       Adders := 3     
	   3 Input   32 Bit       Adders := 1     
+---XORs : 
	   2 Input     32 Bit         XORs := 2     
+---Registers : 
	              219 Bit    Registers := 1     
	              170 Bit    Registers := 1     
	              139 Bit    Registers := 1     
	              100 Bit    Registers := 1     
	               32 Bit    Registers := 16    
	               24 Bit    Registers := 1     
	               10 Bit    Registers := 1     
+---Muxes : 
	   2 Input  219 Bit        Muxes := 1     
	   2 Input  100 Bit        Muxes := 2     
	  14 Input   32 Bit        Muxes := 1     
	   2 Input   32 Bit        Muxes := 6     
	   5 Input   32 Bit        Muxes := 1     
	   2 Input    4 Bit        Muxes := 1     
	  15 Input    4 Bit        Muxes := 1     
	   5 Input    3 Bit        Muxes := 1     
	   2 Input    1 Bit        Muxes := 18    
	   4 Input    1 Bit        Muxes := 1     
---------------------------------------------------------------------------------
Finished RTL Component Statistics 
---------------------------------------------------------------------------------
---------------------------------------------------------------------------------
Start Part Resource Summary
---------------------------------------------------------------------------------
Part Resources:
DSPs: 220 (col length:60)
BRAMs: 280 (col length: RAMB18 60 RAMB36 30)
---------------------------------------------------------------------------------
Finished Part Resource Summary
---------------------------------------------------------------------------------
---------------------------------------------------------------------------------
Start Cross Boundary and Area Optimization
---------------------------------------------------------------------------------
---------------------------------------------------------------------------------
Finished Cross Boundary and Area Optimization : Time (s): cpu = 00:00:45 ; elapsed = 00:01:51 . Memory (MB): peak = 1116.965 ; gain = 102.160
---------------------------------------------------------------------------------
---------------------------------------------------------------------------------
Start ROM, RAM, DSP, Shift Register and Retiming Reporting
---------------------------------------------------------------------------------

ROM: Preliminary Mapping	Report
+------------+------------+---------------+----------------+
|Module Name | RTL Object | Depth x Width | Implemented As | 
+------------+------------+---------------+----------------+
|FE_STAGE    | p_0_out    | 4096x21       | LUT            | 
|FE_STAGE    | p_0_out    | 4096x21       | LUT            | 
+------------+------------+---------------+----------------+


Distributed RAM: Preliminary Mapping	Report (see note below)
+---------------+-----------------------+-----------+----------------------+-------------------+
|Module Name    | RTL Object            | Inference | Size (Depth x Width) | Primitives        | 
+---------------+-----------------------+-----------+----------------------+-------------------+
|project3_frame | my_MEM_stage/dmem_reg | Implied   | 16 K x 32            | RAM256X1S x 2048	 | 
+---------------+-----------------------+-----------+----------------------+-------------------+

Note: The table above is a preliminary report that shows the Distributed RAMs at the current stage of the synthesis flow. Some Distributed RAMs may be reimplemented as non Distributed RAM primitives later in the synthesis flow. Multiple instantiated RAMs are reported only once.
---------------------------------------------------------------------------------
Finished ROM, RAM, DSP, Shift Register and Retiming Reporting
---------------------------------------------------------------------------------
---------------------------------------------------------------------------------
Start Applying XDC Timing Constraints
---------------------------------------------------------------------------------
---------------------------------------------------------------------------------
Finished Applying XDC Timing Constraints : Time (s): cpu = 00:00:55 ; elapsed = 00:02:03 . Memory (MB): peak = 1116.965 ; gain = 102.160
---------------------------------------------------------------------------------
---------------------------------------------------------------------------------
Start Timing Optimization
---------------------------------------------------------------------------------
---------------------------------------------------------------------------------
Finished Timing Optimization : Time (s): cpu = 00:00:57 ; elapsed = 00:02:05 . Memory (MB): peak = 1119.031 ; gain = 104.227
---------------------------------------------------------------------------------
---------------------------------------------------------------------------------
Start ROM, RAM, DSP, Shift Register and Retiming Reporting
---------------------------------------------------------------------------------

Distributed RAM: Final Mapping	Report
+---------------+-----------------------+-----------+----------------------+-------------------+
|Module Name    | RTL Object            | Inference | Size (Depth x Width) | Primitives        | 
+---------------+-----------------------+-----------+----------------------+-------------------+
|project3_frame | my_MEM_stage/dmem_reg | Implied   | 16 K x 32            | RAM256X1S x 2048	 | 
+---------------+-----------------------+-----------+----------------------+-------------------+

---------------------------------------------------------------------------------
Finished ROM, RAM, DSP, Shift Register and Retiming Reporting
---------------------------------------------------------------------------------
---------------------------------------------------------------------------------
Start Technology Mapping
---------------------------------------------------------------------------------
---------------------------------------------------------------------------------
Finished Technology Mapping : Time (s): cpu = 00:01:00 ; elapsed = 00:02:10 . Memory (MB): peak = 1158.277 ; gain = 143.473
---------------------------------------------------------------------------------
---------------------------------------------------------------------------------
Start IO Insertion
---------------------------------------------------------------------------------
---------------------------------------------------------------------------------
Start Flattening Before IO Insertion
---------------------------------------------------------------------------------
---------------------------------------------------------------------------------
Finished Flattening Before IO Insertion
---------------------------------------------------------------------------------
---------------------------------------------------------------------------------
Start Final Netlist Cleanup
---------------------------------------------------------------------------------
---------------------------------------------------------------------------------
Finished Final Netlist Cleanup
---------------------------------------------------------------------------------
---------------------------------------------------------------------------------
Finished IO Insertion : Time (s): cpu = 00:01:07 ; elapsed = 00:02:20 . Memory (MB): peak = 1171.016 ; gain = 156.211
---------------------------------------------------------------------------------
---------------------------------------------------------------------------------
Start Renaming Generated Instances
---------------------------------------------------------------------------------
---------------------------------------------------------------------------------
Finished Renaming Generated Instances : Time (s): cpu = 00:01:07 ; elapsed = 00:02:20 . Memory (MB): peak = 1171.016 ; gain = 156.211
---------------------------------------------------------------------------------
---------------------------------------------------------------------------------
Start Rebuilding User Hierarchy
---------------------------------------------------------------------------------
---------------------------------------------------------------------------------
Finished Rebuilding User Hierarchy : Time (s): cpu = 00:01:08 ; elapsed = 00:02:21 . Memory (MB): peak = 1171.016 ; gain = 156.211
---------------------------------------------------------------------------------
---------------------------------------------------------------------------------
Start Renaming Generated Ports
---------------------------------------------------------------------------------
---------------------------------------------------------------------------------
Finished Renaming Generated Ports : Time (s): cpu = 00:01:08 ; elapsed = 00:02:21 . Memory (MB): peak = 1171.016 ; gain = 156.211
---------------------------------------------------------------------------------
---------------------------------------------------------------------------------
Start Handling Custom Attributes
---------------------------------------------------------------------------------
---------------------------------------------------------------------------------
Finished Handling Custom Attributes : Time (s): cpu = 00:01:08 ; elapsed = 00:02:22 . Memory (MB): peak = 1171.016 ; gain = 156.211
---------------------------------------------------------------------------------
---------------------------------------------------------------------------------
Start Renaming Generated Nets
---------------------------------------------------------------------------------
---------------------------------------------------------------------------------
Finished Renaming Generated Nets : Time (s): cpu = 00:01:08 ; elapsed = 00:02:22 . Memory (MB): peak = 1171.016 ; gain = 156.211
---------------------------------------------------------------------------------
---------------------------------------------------------------------------------
Start Writing Synthesis Report
---------------------------------------------------------------------------------

Report BlackBoxes: 
+------+--------------+----------+
|      |BlackBox name |Instances |
+------+--------------+----------+
|1     |clk_wiz_0     |         1|
+------+--------------+----------+

Report Cell Usage: 
+------+----------+------+
|      |Cell      |Count |
+------+----------+------+
|1     |clk_wiz   |     1|
|2     |CARRY4    |    54|
|3     |LUT1      |     4|
|4     |LUT2      |    93|
|5     |LUT3      |    87|
|6     |LUT4      |   268|
|7     |LUT5      |   129|
|8     |LUT6      |  1065|
|9     |MUXF7     |   256|
|10    |MUXF8     |   128|
|11    |RAM256X1S |  2048|
|12    |FDCE      |   773|
|13    |FDPE      |     6|
|14    |IBUF      |     5|
|15    |OBUF      |    24|
+------+----------+------+
---------------------------------------------------------------------------------
Finished Writing Synthesis Report : Time (s): cpu = 00:01:08 ; elapsed = 00:02:22 . Memory (MB): peak = 1171.016 ; gain = 156.211
---------------------------------------------------------------------------------
Synthesis finished with 0 errors, 0 critical warnings and 0 warnings.
Synthesis Optimization Runtime : Time (s): cpu = 00:00:51 ; elapsed = 00:01:40 . Memory (MB): peak = 1171.016 ; gain = 54.051
Synthesis Optimization Complete : Time (s): cpu = 00:01:08 ; elapsed = 00:02:24 . Memory (MB): peak = 1171.016 ; gain = 156.211
INFO: [Project 1-571] Translating synthesized netlist
Netlist sorting complete. Time (s): cpu = 00:00:01 ; elapsed = 00:00:00.160 . Memory (MB): peak = 1183.070 ; gain = 0.000
INFO: [Netlist 29-17] Analyzing 2486 Unisim elements for replacement
INFO: [Netlist 29-28] Unisim Transformation completed in 2 CPU seconds
INFO: [Project 1-570] Preparing netlist for logic optimization
INFO: [Opt 31-138] Pushed 0 inverter(s) to 0 load pin(s).
Netlist sorting complete. Time (s): cpu = 00:00:00 ; elapsed = 00:00:00.022 . Memory (MB): peak = 1183.070 ; gain = 0.000
INFO: [Project 1-111] Unisim Transformation Summary:
  A total of 2048 instances were transformed.
  RAM256X1S => RAM256X1S (MUXF7(x2), MUXF8, RAMS64E(x4)): 2048 instances

INFO: [Common 17-83] Releasing license: Synthesis
35 Infos, 2 Warnings, 0 Critical Warnings and 0 Errors encountered.
synth_design completed successfully
synth_design: Time (s): cpu = 00:01:28 ; elapsed = 00:03:47 . Memory (MB): peak = 1183.070 ; gain = 168.266
INFO: [Common 17-1381] The checkpoint 'Z:/Documents/Spring2021/CS3220/CS3220-Pipeline/Assignment3/Assignment3.runs/synth_1/project3_frame.dcp' has been generated.
write_checkpoint: Time (s): cpu = 00:00:03 ; elapsed = 00:00:05 . Memory (MB): peak = 1183.070 ; gain = 0.000
INFO: [runtcl-4] Executing : report_utilization -file project3_frame_utilization_synth.rpt -pb project3_frame_utilization_synth.pb
INFO: [Common 17-206] Exiting Vivado at Thu Mar  4 22:37:21 2021...
