Copyright 1986-2020 Xilinx, Inc. All Rights Reserved.
-------------------------------------------------------------------------------------------
| Tool Version : Vivado v.2020.2 (win64) Build 3064766 Wed Nov 18 09:12:45 MST 2020
| Date         : Thu Mar  4 22:42:45 2021
| Host         : BENMELNICKBB53 running 64-bit major release  (build 9200)
| Command      : report_control_sets -verbose -file project3_frame_control_sets_placed.rpt
| Design       : project3_frame
| Device       : xc7z020
-------------------------------------------------------------------------------------------

Control Set Information

Table of Contents
-----------------
1. Summary
2. Histogram
3. Flip-Flop Distribution
4. Detailed Control Set Information

1. Summary
----------

+----------------------------------------------------------+-------+
|                          Status                          | Count |
+----------------------------------------------------------+-------+
| Total control sets                                       |    81 |
|    Minimum number of control sets                        |    81 |
|    Addition due to synthesis replication                 |     0 |
|    Addition due to physical synthesis replication        |     0 |
| Unused register locations in slices containing registers |     9 |
+----------------------------------------------------------+-------+
* Control sets can be merged at opt_design using control_set_merge or merge_equivalent_drivers
** Run report_qor_suggestions for automated merging and remapping suggestions


2. Histogram
------------

+--------------------+-------+
|       Fanout       | Count |
+--------------------+-------+
| Total control sets |    81 |
| >= 0 to < 4        |     0 |
| >= 4 to < 6        |     0 |
| >= 6 to < 8        |     0 |
| >= 8 to < 10       |     1 |
| >= 10 to < 12      |     1 |
| >= 12 to < 14      |     0 |
| >= 14 to < 16      |     0 |
| >= 16              |    79 |
+--------------------+-------+
* Control sets can be remapped at either synth_design or opt_design


3. Flip-Flop Distribution
-------------------------

+--------------+-----------------------+------------------------+-----------------+--------------+
| Clock Enable | Synchronous Set/Reset | Asynchronous Set/Reset | Total Registers | Total Slices |
+--------------+-----------------------+------------------------+-----------------+--------------+
| No           | No                    | No                     |               0 |            0 |
| No           | No                    | Yes                    |             368 |          206 |
| No           | Yes                   | No                     |               0 |            0 |
| Yes          | No                    | No                     |               0 |            0 |
| Yes          | No                    | Yes                    |             487 |          356 |
| Yes          | Yes                   | No                     |               0 |            0 |
+--------------+-----------------------+------------------------+-----------------+--------------+


4. Detailed Control Set Information
-----------------------------------

+-------------------------+-------------------------------------------+-------------------+------------------+----------------+--------------+
|       Clock Signal      |               Enable Signal               |  Set/Reset Signal | Slice Load Count | Bel Load Count | Bels / Slice |
+-------------------------+-------------------------------------------+-------------------+------------------+----------------+--------------+
|  my_clock/inst/clk_out1 | my_MEM_stage/MEM_latch_reg[80]_0[0]       | my_DE_stage/reset |                4 |              8 |         2.00 |
|  my_clock/inst/clk_out1 | my_MEM_stage/E[0]                         | my_DE_stage/reset |                2 |             10 |         5.00 |
| ~my_clock/inst/clk_out1 | my_DE_stage/regs_reg[12]0_n_0             | my_DE_stage/reset |               26 |             32 |         1.23 |
| ~my_clock/inst/clk_out1 | my_DE_stage/regs_reg[9]0_n_0              | my_DE_stage/reset |               27 |             32 |         1.19 |
|  my_clock/inst/clk_out1 | my_FE_stage/PC_FE_latch[0]_i_1_n_0        | my_DE_stage/reset |                9 |             32 |         3.56 |
| ~my_clock/inst/clk_out1 | my_DE_stage/regs_reg[4]0_n_0              | my_DE_stage/reset |               28 |             32 |         1.14 |
| ~my_clock/inst/clk_out1 | my_DE_stage/regs_reg[8]0_n_0              | my_DE_stage/reset |               23 |             32 |         1.39 |
| ~my_clock/inst/clk_out1 | my_DE_stage/regs__0                       | my_DE_stage/reset |               27 |             32 |         1.19 |
| ~my_clock/inst/clk_out1 | my_DE_stage/regs_reg[14]0_n_0             | my_DE_stage/reset |               25 |             32 |         1.28 |
| ~my_clock/inst/clk_out1 | my_DE_stage/regs_reg[13]0_n_0             | my_DE_stage/reset |               27 |             32 |         1.19 |
| ~my_clock/inst/clk_out1 | my_DE_stage/regs_reg[6]0_n_0              | my_DE_stage/reset |               26 |             32 |         1.23 |
| ~my_clock/inst/clk_out1 | my_DE_stage/regs_reg[7]0_n_0              | my_DE_stage/reset |               29 |             32 |         1.10 |
| ~my_clock/inst/clk_out1 | my_DE_stage/regs_reg[0]0_n_0              | my_DE_stage/reset |               28 |             32 |         1.14 |
| ~my_clock/inst/clk_out1 | my_DE_stage/regs_reg[1]0_n_0              | my_DE_stage/reset |               25 |             32 |         1.28 |
| ~my_clock/inst/clk_out1 | my_DE_stage/regs_reg[5]0_n_0              | my_DE_stage/reset |               27 |             32 |         1.19 |
|  my_clock/inst/clk_out1 | my_FE_stage/FE_latch[99]_i_1_n_0          | my_DE_stage/reset |               23 |             53 |         2.30 |
|  my_clock/inst/clk_out1 | my_AGEX_stage/AGEX_latch_reg[53]_rep_4    |                   |               32 |            128 |         4.00 |
|  my_clock/inst/clk_out1 | my_AGEX_stage/AGEX_latch_reg[53]_rep_2    |                   |               32 |            128 |         4.00 |
|  my_clock/inst/clk_out1 | my_AGEX_stage/AGEX_latch_reg[57]_5        |                   |               32 |            128 |         4.00 |
|  my_clock/inst/clk_out1 | my_AGEX_stage/AGEX_latch_reg[58]_1        |                   |               32 |            128 |         4.00 |
|  my_clock/inst/clk_out1 | my_AGEX_stage/AGEX_latch_reg[58]_5        |                   |               32 |            128 |         4.00 |
|  my_clock/inst/clk_out1 | my_AGEX_stage/AGEX_latch_reg[56]_2        |                   |               32 |            128 |         4.00 |
|  my_clock/inst/clk_out1 | my_AGEX_stage/AGEX_latch_reg[54]_rep__0_0 |                   |               32 |            128 |         4.00 |
|  my_clock/inst/clk_out1 | my_AGEX_stage/AGEX_latch_reg[54]_rep__2_3 |                   |               32 |            128 |         4.00 |
|  my_clock/inst/clk_out1 | my_AGEX_stage/AGEX_latch_reg[55]_4        |                   |               32 |            128 |         4.00 |
|  my_clock/inst/clk_out1 | my_AGEX_stage/AGEX_latch_reg[56]_3        |                   |               32 |            128 |         4.00 |
|  my_clock/inst/clk_out1 | my_AGEX_stage/AGEX_latch_reg[57]_2        |                   |               32 |            128 |         4.00 |
|  my_clock/inst/clk_out1 | my_AGEX_stage/AGEX_latch_reg[57]_0        |                   |               32 |            128 |         4.00 |
|  my_clock/inst/clk_out1 | my_AGEX_stage/AGEX_latch_reg[58]_7        |                   |               32 |            128 |         4.00 |
|  my_clock/inst/clk_out1 | my_AGEX_stage/AGEX_latch_reg[9]_1         |                   |               32 |            128 |         4.00 |
|  my_clock/inst/clk_out1 | my_AGEX_stage/AGEX_latch_reg[9]_2         |                   |               32 |            128 |         4.00 |
|  my_clock/inst/clk_out1 | my_AGEX_stage/AGEX_latch_reg[54]_rep_7    |                   |               32 |            128 |         4.00 |
|  my_clock/inst/clk_out1 | my_AGEX_stage/AGEX_latch_reg[9]_6         |                   |               32 |            128 |         4.00 |
|  my_clock/inst/clk_out1 | my_AGEX_stage/AGEX_latch_reg[54]_rep__2_4 |                   |               32 |            128 |         4.00 |
|  my_clock/inst/clk_out1 | my_AGEX_stage/AGEX_latch_reg[55]_1        |                   |               32 |            128 |         4.00 |
|  my_clock/inst/clk_out1 | my_AGEX_stage/AGEX_latch_reg[57]_8        |                   |               32 |            128 |         4.00 |
|  my_clock/inst/clk_out1 | my_AGEX_stage/AGEX_latch_reg[57]_1        |                   |               32 |            128 |         4.00 |
|  my_clock/inst/clk_out1 | my_AGEX_stage/AGEX_latch_reg[58]_6        |                   |               32 |            128 |         4.00 |
|  my_clock/inst/clk_out1 | my_AGEX_stage/AGEX_latch_reg[54]_rep_6    |                   |               32 |            128 |         4.00 |
|  my_clock/inst/clk_out1 | my_AGEX_stage/AGEX_latch_reg[9]_3         |                   |               32 |            128 |         4.00 |
|  my_clock/inst/clk_out1 | my_AGEX_stage/AGEX_latch_reg[58]_8        |                   |               32 |            128 |         4.00 |
|  my_clock/inst/clk_out1 | my_AGEX_stage/AGEX_latch_reg[54]_rep_5    |                   |               32 |            128 |         4.00 |
|  my_clock/inst/clk_out1 | my_AGEX_stage/AGEX_latch_reg[9]_0         |                   |               32 |            128 |         4.00 |
|  my_clock/inst/clk_out1 | my_AGEX_stage/AGEX_latch_reg[55]_rep__0_0 |                   |               32 |            128 |         4.00 |
|  my_clock/inst/clk_out1 | my_AGEX_stage/AGEX_latch_reg[9]_4         |                   |               32 |            128 |         4.00 |
|  my_clock/inst/clk_out1 | my_AGEX_stage/AGEX_latch_reg[9]_5         |                   |               32 |            128 |         4.00 |
|  my_clock/inst/clk_out1 | my_AGEX_stage/AGEX_latch_reg[54]_rep__1_2 |                   |               32 |            128 |         4.00 |
|  my_clock/inst/clk_out1 | my_AGEX_stage/AGEX_latch_reg[57]_7        |                   |               32 |            128 |         4.00 |
|  my_clock/inst/clk_out1 | my_AGEX_stage/AGEX_latch_reg[58]_2        |                   |               32 |            128 |         4.00 |
|  my_clock/inst/clk_out1 | my_AGEX_stage/AGEX_latch_reg[54]_rep_9    |                   |               32 |            128 |         4.00 |
|  my_clock/inst/clk_out1 | my_AGEX_stage/AGEX_latch_reg[58]_3        |                   |               32 |            128 |         4.00 |
|  my_clock/inst/clk_out1 | my_AGEX_stage/AGEX_latch_reg[58]_0        |                   |               32 |            128 |         4.00 |
|  my_clock/inst/clk_out1 | my_AGEX_stage/AGEX_latch_reg[9]_7         |                   |               32 |            128 |         4.00 |
|  my_clock/inst/clk_out1 | my_AGEX_stage/AGEX_latch_reg[56]_1        |                   |               32 |            128 |         4.00 |
|  my_clock/inst/clk_out1 | my_AGEX_stage/AGEX_latch_reg[54]_rep__2_0 |                   |               32 |            128 |         4.00 |
|  my_clock/inst/clk_out1 | my_AGEX_stage/AGEX_latch_reg[57]_6        |                   |               32 |            128 |         4.00 |
|  my_clock/inst/clk_out1 | my_AGEX_stage/AGEX_latch_reg[58]_4        |                   |               32 |            128 |         4.00 |
|  my_clock/inst/clk_out1 | my_AGEX_stage/AGEX_latch_reg[54]_rep__0_2 |                   |               32 |            128 |         4.00 |
|  my_clock/inst/clk_out1 | my_AGEX_stage/AGEX_latch_reg[54]_rep__2_2 |                   |               32 |            128 |         4.00 |
|  my_clock/inst/clk_out1 | my_AGEX_stage/AGEX_latch_reg[54]_rep_4    |                   |               32 |            128 |         4.00 |
|  my_clock/inst/clk_out1 | my_AGEX_stage/AGEX_latch_reg[55]_0        |                   |               32 |            128 |         4.00 |
|  my_clock/inst/clk_out1 | my_AGEX_stage/AGEX_latch_reg[55]_2        |                   |               32 |            128 |         4.00 |
|  my_clock/inst/clk_out1 | my_AGEX_stage/AGEX_latch_reg[54]_rep__1_0 |                   |               32 |            128 |         4.00 |
|  my_clock/inst/clk_out1 | my_AGEX_stage/AGEX_latch_reg[57]_4        |                   |               32 |            128 |         4.00 |
|  my_clock/inst/clk_out1 | my_AGEX_stage/AGEX_latch_reg[55]_3        |                   |               32 |            128 |         4.00 |
|  my_clock/inst/clk_out1 | my_AGEX_stage/AGEX_latch_reg[56]_0        |                   |               32 |            128 |         4.00 |
|  my_clock/inst/clk_out1 | my_AGEX_stage/AGEX_latch_reg[54]_rep_2    |                   |               32 |            128 |         4.00 |
|  my_clock/inst/clk_out1 | my_AGEX_stage/AGEX_latch_reg[53]_rep_5    |                   |               32 |            128 |         4.00 |
|  my_clock/inst/clk_out1 | my_AGEX_stage/AGEX_latch_reg[53]_rep_6    |                   |               32 |            128 |         4.00 |
|  my_clock/inst/clk_out1 | my_AGEX_stage/AGEX_latch_reg[57]_3        |                   |               32 |            128 |         4.00 |
|  my_clock/inst/clk_out1 | my_AGEX_stage/AGEX_latch_reg[53]_rep__0_1 |                   |               32 |            128 |         4.00 |
|  my_clock/inst/clk_out1 | my_AGEX_stage/AGEX_latch_reg[53]_rep__2_1 |                   |               32 |            128 |         4.00 |
|  my_clock/inst/clk_out1 | my_AGEX_stage/AGEX_latch_reg[53]_rep__2_3 |                   |               32 |            128 |         4.00 |
|  my_clock/inst/clk_out1 | my_AGEX_stage/AGEX_latch_reg[53]_rep_1    |                   |               32 |            128 |         4.00 |
|  my_clock/inst/clk_out1 | my_AGEX_stage/AGEX_latch_reg[54]_rep_1    |                   |               32 |            128 |         4.00 |
|  my_clock/inst/clk_out1 | my_AGEX_stage/AGEX_latch_reg[53]_rep__1_1 |                   |               32 |            128 |         4.00 |
|  my_clock/inst/clk_out1 | my_AGEX_stage/AGEX_latch_reg[53]_rep__2_2 |                   |               32 |            128 |         4.00 |
|  my_clock/inst/clk_out1 | my_AGEX_stage/AGEX_latch_reg[54]_rep_3    |                   |               32 |            128 |         4.00 |
|  my_clock/inst/clk_out1 | my_AGEX_stage/AGEX_latch_reg[53]_rep_3    |                   |               32 |            128 |         4.00 |
|  my_clock/inst/clk_out1 | my_AGEX_stage/AGEX_latch_reg[54]_rep_8    |                   |               32 |            128 |         4.00 |
|  my_clock/inst/clk_out1 |                                           | my_DE_stage/reset |              206 |            368 |         1.79 |
+-------------------------+-------------------------------------------+-------------------+------------------+----------------+--------------+


