INFO: [HLS 200-10] Running '/tools/reconfig/xilinx/Vitis_HLS/2020.2/bin/unwrapped/lnx64.o/vitis_hls'
INFO: [HLS 200-10] For user 'bmelnick3' on host 'synestia9.cc.gatech.edu' (Linux_x86_64 version 4.15.0-132-generic) on Sun Apr 25 11:41:12 EDT 2021
INFO: [HLS 200-10] On os Ubuntu 18.04.5 LTS
INFO: [HLS 200-10] In directory '/home/bmelnick3/cs3220/CS3220-Pipeline/Assignment5'
Sourcing Tcl script '/home/bmelnick3/cs3220/CS3220-Pipeline/Assignment5/MultHLS/solution1/export.tcl'
INFO: [HLS 200-1510] Running: open_project MultHLS 
INFO: [HLS 200-10] Opening project '/home/bmelnick3/cs3220/CS3220-Pipeline/Assignment5/MultHLS'.
INFO: [HLS 200-1510] Running: set_top mulBF16 
INFO: [HLS 200-1510] Running: add_files mul.h 
INFO: [HLS 200-10] Adding design file 'mul.h' to the project
INFO: [HLS 200-1510] Running: add_files mulBF16.cpp 
INFO: [HLS 200-10] Adding design file 'mulBF16.cpp' to the project
INFO: [HLS 200-1510] Running: add_files -tb mul_test.cpp 
INFO: [HLS 200-10] Adding test bench file 'mul_test.cpp' to the project
INFO: [HLS 200-1510] Running: open_solution solution1 -flow_target vivado 
INFO: [HLS 200-10] Opening solution '/home/bmelnick3/cs3220/CS3220-Pipeline/Assignment5/MultHLS/solution1'.
INFO: [SYN 201-201] Setting up clock 'default' with a period of 10ns.
INFO: [HLS 200-10] Setting target device to 'xc7z020-clg400-1'
INFO: [HLS 200-1505] Using flow_target 'vivado'
Resolution: For help on HLS 200-1505 see www.xilinx.com/cgi-bin/docs/rdoc?v=2020.2;t=hls+guidance;d=200-1505.html
INFO: [HLS 200-1510] Running: set_part xc7z020clg400-1 
INFO: [HLS 200-1510] Running: create_clock -period 10 -name default 
INFO: [SYN 201-201] Setting up clock 'default' with a period of 10ns.
INFO: [HLS 200-1510] Running: export_design -rtl verilog -format ip_catalog 
INFO: [IMPL 213-8] Exporting RTL as a Vivado IP.

****** Vivado v2020.2 (64-bit)
  **** SW Build 3064766 on Wed Nov 18 09:12:47 MST 2020
  **** IP Build 3064653 on Wed Nov 18 14:17:31 MST 2020
    ** Copyright 1986-2020 Xilinx, Inc. All Rights Reserved.

source run_ippack.tcl -notrace
ipx::create_core: Time (s): cpu = 00:00:04 ; elapsed = 00:00:06 . Memory (MB): peak = 2440.785 ; gain = 2.016 ; free physical = 4811 ; free virtual = 9087
INFO: [Common 17-206] Exiting Vivado at Sun Apr 25 11:41:49 2021...
INFO: [HLS 200-802] Generated output file MultHLS/solution1/impl/export.zip
INFO: [HLS 200-111] Finished Command export_design CPU user time: 26.99 seconds. CPU system time: 5.74 seconds. Elapsed time: 40.64 seconds; current allocated memory: 215.455 MB.
